<?xml version="1.0" encoding="UTF-8"?>
<testsuites name="jest tests" tests="1" failures="0" errors="0" time="0.357">
  <testsuite name="API health (smoke)" errors="0" failures="0" skipped="0" timestamp="2025-10-23T22:08:28" time="0.333" tests="1">
    <testcase classname="API health (smoke) GET / returns 2xx" name="API health (smoke) GET / returns 2xx" time="0.205">
    </testcase>
  </testsuite>
</testsuites>